<?xml version="1.0" encoding="UTF-8"?>
<testng-results ignored="0" total="6" passed="4" failed="1" skipped="1">
  <reporter-output>
  </reporter-output>
  <suite started-at="2025-04-27T10:58:04 IST" name="Default suite" finished-at="2025-04-27T10:58:48 IST" duration-ms="43778">
    <groups>
    </groups>
    <test started-at="2025-04-27T10:58:04 IST" name="Default test" finished-at="2025-04-27T10:58:48 IST" duration-ms="43778">
      <class name="testClassPackage.TestClass">
        <test-method is-config="true" signature="setUpTest()[pri:0, instance:testClassPackage.TestClass@4b741d6d]" started-at="2025-04-27T10:58:04 IST" name="setUpTest" finished-at="2025-04-27T10:58:37 IST" duration-ms="32302" status="PASS">
          <reporter-output>
          </reporter-output>
        </test-method> <!-- setUpTest -->
        <test-method signature="Login(java.lang.String,java.lang.String)[pri:0, instance:testClassPackage.TestClass@4b741d6d]" started-at="2025-04-27T10:58:37 IST" name="Login" data-provider="newUserData" finished-at="2025-04-27T10:58:39 IST" duration-ms="2213" status="PASS">
          <params>
            <param index="0">
              <value>
                <![CDATA[ayanbanerjee921@gmail.com]]>
              </value>
            </param>
            <param index="1">
              <value>
                <![CDATA[@Ayan2000]]>
              </value>
            </param>
          </params>
          <reporter-output>
          </reporter-output>
        </test-method> <!-- Login -->
        <test-method signature="clearCart()[pri:0, instance:testClassPackage.TestClass@4b741d6d]" started-at="2025-04-27T10:58:39 IST" name="clearCart" finished-at="2025-04-27T10:58:45 IST" duration-ms="6022" status="PASS">
          <reporter-output>
          </reporter-output>
        </test-method> <!-- clearCart -->
        <test-method signature="addToCart()[pri:0, instance:testClassPackage.TestClass@4b741d6d]" started-at="2025-04-27T10:58:45 IST" name="addToCart" finished-at="2025-04-27T10:58:47 IST" depends-on-methods="testClassPackage.TestClass.clearCart" duration-ms="1841" status="PASS">
          <reporter-output>
          </reporter-output>
        </test-method> <!-- addToCart -->
        <test-method signature="CheckTotalValue()[pri:0, instance:testClassPackage.TestClass@4b741d6d]" started-at="2025-04-27T10:58:47 IST" name="CheckTotalValue" finished-at="2025-04-27T10:58:47 IST" depends-on-methods="testClassPackage.TestClass.addToCart" duration-ms="37" status="PASS">
          <reporter-output>
          </reporter-output>
        </test-method> <!-- CheckTotalValue -->
        <test-method signature="checkoutItems()[pri:0, instance:testClassPackage.TestClass@4b741d6d]" started-at="2025-04-27T10:58:47 IST" name="checkoutItems" finished-at="2025-04-27T10:58:48 IST" depends-on-methods="testClassPackage.TestClass.CheckTotalValue" duration-ms="1233" status="FAIL">
          <exception class="org.openqa.selenium.ElementClickInterceptedException">
            <message>
              <![CDATA[element click intercepted: Element is not clickable at point (1368, 851)
  (Session info: chrome=135.0.7049.115)
Build info: version: '4.28.1', revision: '73f5ad48a2'
System info: os.name: 'Windows 10', os.arch: 'amd64', os.version: '10.0', java.version: '17.0.11'
Driver info: org.openqa.selenium.chrome.ChromeDriver
Command: [317cc200f6ec930e5729ead4f11ca9eb, clickElement {id=f.1FF06631986126C919B4A3A586EA8762.d.D6D231AB790AD684877AF9E66473FADF.e.176}]
Capabilities {acceptInsecureCerts: false, browserName: chrome, browserVersion: 135.0.7049.115, chrome: {chromedriverVersion: 135.0.7049.114 (63fd8a7d9d0..., userDataDir: C:\Users\ASUS\AppData\Local...}, fedcm:accounts: true, goog:chromeOptions: {debuggerAddress: localhost:55376}, networkConnectionEnabled: false, pageLoadStrategy: normal, platformName: windows, proxy: Proxy(), se:cdp: ws://localhost:55376/devtoo..., se:cdpVersion: 135.0.7049.115, setWindowRect: true, strictFileInteractability: false, timeouts: {implicit: 0, pageLoad: 300000, script: 30000}, unhandledPromptBehavior: dismiss and notify, webauthn:extension:credBlob: true, webauthn:extension:largeBlob: true, webauthn:extension:minPinLength: true, webauthn:extension:prf: true, webauthn:virtualAuthenticators: true}
Element: [[ChromeDriver: chrome on windows (317cc200f6ec930e5729ead4f11ca9eb)] -> xpath: //div[@class='col text-end']/a]
Session ID: 317cc200f6ec930e5729ead4f11ca9eb]]>
            </message>
            <full-stacktrace>
              <![CDATA[org.openqa.selenium.ElementClickInterceptedException: element click intercepted: Element is not clickable at point (1368, 851)
  (Session info: chrome=135.0.7049.115)
Build info: version: '4.28.1', revision: '73f5ad48a2'
System info: os.name: 'Windows 10', os.arch: 'amd64', os.version: '10.0', java.version: '17.0.11'
Driver info: org.openqa.selenium.chrome.ChromeDriver
Command: [317cc200f6ec930e5729ead4f11ca9eb, clickElement {id=f.1FF06631986126C919B4A3A586EA8762.d.D6D231AB790AD684877AF9E66473FADF.e.176}]
Capabilities {acceptInsecureCerts: false, browserName: chrome, browserVersion: 135.0.7049.115, chrome: {chromedriverVersion: 135.0.7049.114 (63fd8a7d9d0..., userDataDir: C:\Users\ASUS\AppData\Local...}, fedcm:accounts: true, goog:chromeOptions: {debuggerAddress: localhost:55376}, networkConnectionEnabled: false, pageLoadStrategy: normal, platformName: windows, proxy: Proxy(), se:cdp: ws://localhost:55376/devtoo..., se:cdpVersion: 135.0.7049.115, setWindowRect: true, strictFileInteractability: false, timeouts: {implicit: 0, pageLoad: 300000, script: 30000}, unhandledPromptBehavior: dismiss and notify, webauthn:extension:credBlob: true, webauthn:extension:largeBlob: true, webauthn:extension:minPinLength: true, webauthn:extension:prf: true, webauthn:virtualAuthenticators: true}
Element: [[ChromeDriver: chrome on windows (317cc200f6ec930e5729ead4f11ca9eb)] -> xpath: //div[@class='col text-end']/a]
Session ID: 317cc200f6ec930e5729ead4f11ca9eb
at java.base/jdk.internal.reflect.NativeConstructorAccessorImpl.newInstance0(Native Method)
at java.base/jdk.internal.reflect.NativeConstructorAccessorImpl.newInstance(NativeConstructorAccessorImpl.java:77)
at java.base/jdk.internal.reflect.DelegatingConstructorAccessorImpl.newInstance(DelegatingConstructorAccessorImpl.java:45)
at java.base/java.lang.reflect.Constructor.newInstanceWithCaller(Constructor.java:499)
at java.base/java.lang.reflect.Constructor.newInstance(Constructor.java:480)
at org.openqa.selenium.remote.ErrorCodec.decode(ErrorCodec.java:167)
at org.openqa.selenium.remote.codec.w3c.W3CHttpResponseCodec.decode(W3CHttpResponseCodec.java:138)
at org.openqa.selenium.remote.codec.w3c.W3CHttpResponseCodec.decode(W3CHttpResponseCodec.java:50)
at org.openqa.selenium.remote.HttpCommandExecutor.execute(HttpCommandExecutor.java:215)
at org.openqa.selenium.remote.service.DriverCommandExecutor.invokeExecute(DriverCommandExecutor.java:216)
at org.openqa.selenium.remote.service.DriverCommandExecutor.execute(DriverCommandExecutor.java:174)
at org.openqa.selenium.remote.RemoteWebDriver.execute(RemoteWebDriver.java:545)
at org.openqa.selenium.remote.RemoteWebElement.execute(RemoteWebElement.java:223)
at org.openqa.selenium.remote.RemoteWebElement.click(RemoteWebElement.java:76)
at PageObjectClass.CheckOutItems.checkOut(CheckOutItems.java:25)
at testClassPackage.TestClass.checkoutItems(TestClass.java:88)
at java.base/jdk.internal.reflect.NativeMethodAccessorImpl.invoke0(Native Method)
at java.base/jdk.internal.reflect.NativeMethodAccessorImpl.invoke(NativeMethodAccessorImpl.java:77)
at java.base/jdk.internal.reflect.DelegatingMethodAccessorImpl.invoke(DelegatingMethodAccessorImpl.java:43)
at java.base/java.lang.reflect.Method.invoke(Method.java:568)
at org.testng.internal.invokers.MethodInvocationHelper.invokeMethod(MethodInvocationHelper.java:141)
at org.testng.internal.invokers.TestInvoker.invokeMethod(TestInvoker.java:686)
at org.testng.internal.invokers.TestInvoker.invokeTestMethod(TestInvoker.java:230)
at org.testng.internal.invokers.MethodRunner.runInSequence(MethodRunner.java:63)
at org.testng.internal.invokers.TestInvoker$MethodInvocationAgent.invoke(TestInvoker.java:992)
at org.testng.internal.invokers.TestInvoker.invokeTestMethods(TestInvoker.java:203)
at org.testng.internal.invokers.TestMethodWorker.invokeTestMethods(TestMethodWorker.java:154)
at org.testng.internal.invokers.TestMethodWorker.run(TestMethodWorker.java:134)
at java.base/java.util.ArrayList.forEach(ArrayList.java:1511)
at org.testng.TestRunner.privateRun(TestRunner.java:739)
at org.testng.TestRunner.run(TestRunner.java:614)
at org.testng.SuiteRunner.runTest(SuiteRunner.java:421)
at org.testng.SuiteRunner.runSequentially(SuiteRunner.java:413)
at org.testng.SuiteRunner.privateRun(SuiteRunner.java:373)
at org.testng.SuiteRunner.run(SuiteRunner.java:312)
at org.testng.SuiteRunnerWorker.runSuite(SuiteRunnerWorker.java:52)
at org.testng.SuiteRunnerWorker.run(SuiteRunnerWorker.java:95)
at org.testng.TestNG.runSuitesSequentially(TestNG.java:1274)
at org.testng.TestNG.runSuitesLocally(TestNG.java:1208)
at org.testng.TestNG.runSuites(TestNG.java:1112)
at org.testng.TestNG.run(TestNG.java:1079)
at org.testng.remote.AbstractRemoteTestNG.run(AbstractRemoteTestNG.java:115)
at org.testng.remote.RemoteTestNG.initAndRun(RemoteTestNG.java:293)
at org.testng.remote.RemoteTestNG.main(RemoteTestNG.java:91)
]]>
            </full-stacktrace>
          </exception> <!-- org.openqa.selenium.ElementClickInterceptedException -->
          <reporter-output>
          </reporter-output>
        </test-method> <!-- checkoutItems -->
        <test-method signature="confirmOrder()[pri:0, instance:testClassPackage.TestClass@4b741d6d]" started-at="2025-04-27T10:58:48 IST" name="confirmOrder" finished-at="2025-04-27T10:58:48 IST" depends-on-methods="testClassPackage.TestClass.checkoutItems" duration-ms="0" status="SKIP">
          <exception class="java.lang.Throwable">
            <message>
              <![CDATA[Method testClassPackage.TestClass.confirmOrder() on instance testClassPackage.TestClass@4b741d6d depends on not successfully finished methods 
[testClassPackage.TestClass.checkoutItems() on instance testClassPackage.TestClass@4b741d6d]]]>
            </message>
            <full-stacktrace>
              <![CDATA[java.lang.Throwable: Method testClassPackage.TestClass.confirmOrder() on instance testClassPackage.TestClass@4b741d6d depends on not successfully finished methods 
[testClassPackage.TestClass.checkoutItems() on instance testClassPackage.TestClass@4b741d6d]
at org.testng.internal.invokers.TestInvoker.invokeTestMethods(TestInvoker.java:159)
at org.testng.internal.invokers.TestMethodWorker.invokeTestMethods(TestMethodWorker.java:154)
at org.testng.internal.invokers.TestMethodWorker.run(TestMethodWorker.java:134)
at java.base/java.util.ArrayList.forEach(ArrayList.java:1511)
at org.testng.TestRunner.privateRun(TestRunner.java:739)
at org.testng.TestRunner.run(TestRunner.java:614)
at org.testng.SuiteRunner.runTest(SuiteRunner.java:421)
at org.testng.SuiteRunner.runSequentially(SuiteRunner.java:413)
at org.testng.SuiteRunner.privateRun(SuiteRunner.java:373)
at org.testng.SuiteRunner.run(SuiteRunner.java:312)
at org.testng.SuiteRunnerWorker.runSuite(SuiteRunnerWorker.java:52)
at org.testng.SuiteRunnerWorker.run(SuiteRunnerWorker.java:95)
at org.testng.TestNG.runSuitesSequentially(TestNG.java:1274)
at org.testng.TestNG.runSuitesLocally(TestNG.java:1208)
at org.testng.TestNG.runSuites(TestNG.java:1112)
at org.testng.TestNG.run(TestNG.java:1079)
at org.testng.remote.AbstractRemoteTestNG.run(AbstractRemoteTestNG.java:115)
at org.testng.remote.RemoteTestNG.initAndRun(RemoteTestNG.java:293)
at org.testng.remote.RemoteTestNG.main(RemoteTestNG.java:91)
]]>
            </full-stacktrace>
          </exception> <!-- java.lang.Throwable -->
          <reporter-output>
          </reporter-output>
        </test-method> <!-- confirmOrder -->
      </class> <!-- testClassPackage.TestClass -->
    </test> <!-- Default test -->
  </suite> <!-- Default suite -->
</testng-results>
